
SQL*Loader: Release 11.2.0.2.0 - Production on Mié Abr 3 12:39:07 2019

Copyright (c) 1982, 2009, Oracle and/or its affiliates.  All rights reserved.

Control File:   estaciones.ctl
Data File:      estaciones.csv
  Bad File:     estaciones.bad
  Discard File:  none specified
 
 (Allow all discards)

Number to load: ALL
Number to skip: 0
Errors allowed: 50
Bind array:     64 rows, maximum of 256000 bytes
Continuation:    none specified
Path used:      Conventional

Table ESTACION, loaded from every logical record.
Insert option in effect for this table: APPEND
TRAILING NULLCOLS option in effect

   Column Name                  Position   Len  Term Encl Datatype
------------------------------ ---------- ----- ---- ---- ---------------------
ID_ESTACION                         FIRST     *   ;  O(") CHARACTER            
ID_TRONCAL                           NEXT     *   ;  O(") CHARACTER            
ID_PORTAL                            NEXT     *   ;  O(") CHARACTER            
NOMBRE_ESTACION                      NEXT     *   ;  O(") CHARACTER            
LONGITUD_ESTACION                    NEXT     *   ;  O(") CHARACTER            
LATITUD_ESTACION                     NEXT     *   ;  O(") CHARACTER            


Table ESTACION:
  148 Rows successfully loaded.
  0 Rows not loaded due to data errors.
  0 Rows not loaded because all WHEN clauses were failed.
  0 Rows not loaded because all fields were null.


Space allocated for bind array:                  99072 bytes(64 rows)
Read   buffer bytes: 1048576

Total logical records skipped:          0
Total logical records read:           148
Total logical records rejected:         0
Total logical records discarded:        0

Run began on Mié Abr 03 12:39:07 2019
Run ended on Mié Abr 03 12:39:07 2019

Elapsed time was:     00:00:00.10
CPU time was:         00:00:00.03
